[debug] [2026-02-08T04:45:39.166Z] ----------------------------------------------------------------------
[debug] [2026-02-08T04:45:39.169Z] Command:       C:\Program Files\nodejs\node.exe C:\Users\sohib\AppData\Roaming\npm\node_modules\firebase-tools\lib\bin\firebase.js deploy --only functions
[debug] [2026-02-08T04:45:39.170Z] CLI Version:   14.26.0
[debug] [2026-02-08T04:45:39.170Z] Platform:      win32
[debug] [2026-02-08T04:45:39.170Z] Node Version:  v22.18.0
[debug] [2026-02-08T04:45:39.170Z] Time:          Sun Feb 08 2026 09:45:39 GMT+0500 (Uzbekistan Standard Time)
[debug] [2026-02-08T04:45:39.170Z] ----------------------------------------------------------------------
[debug] 
[debug] [2026-02-08T04:45:39.391Z] > command requires scopes: ["email","openid","https://www.googleapis.com/auth/cloudplatformprojects.readonly","https://www.googleapis.com/auth/firebase","https://www.googleapis.com/auth/cloud-platform"]
[debug] [2026-02-08T04:45:39.391Z] > authorizing via signed-in user (xplusy.uz@gmail.com)
[debug] [2026-02-08T04:45:39.391Z] [iam] checking project xplusy-760fa for permissions ["cloudfunctions.functions.create","cloudfunctions.functions.delete","cloudfunctions.functions.get","cloudfunctions.functions.list","cloudfunctions.functions.update","cloudfunctions.operations.get","firebase.projects.get"]
[debug] [2026-02-08T04:45:39.392Z] Checked if tokens are valid: true, expires at: 1770528059358
[debug] [2026-02-08T04:45:39.393Z] Checked if tokens are valid: true, expires at: 1770528059358
[debug] [2026-02-08T04:45:39.394Z] >>> [apiv2][query] POST https://cloudresourcemanager.googleapis.com/v1/projects/xplusy-760fa:testIamPermissions [none]
[debug] [2026-02-08T04:45:39.394Z] >>> [apiv2][(partial)header] POST https://cloudresourcemanager.googleapis.com/v1/projects/xplusy-760fa:testIamPermissions x-goog-quota-user=projects/xplusy-760fa
[debug] [2026-02-08T04:45:39.394Z] >>> [apiv2][body] POST https://cloudresourcemanager.googleapis.com/v1/projects/xplusy-760fa:testIamPermissions {"permissions":["cloudfunctions.functions.create","cloudfunctions.functions.delete","cloudfunctions.functions.get","cloudfunctions.functions.list","cloudfunctions.functions.update","cloudfunctions.operations.get","firebase.projects.get"]}
[debug] [2026-02-08T04:45:40.437Z] <<< [apiv2][status] POST https://cloudresourcemanager.googleapis.com/v1/projects/xplusy-760fa:testIamPermissions 200
[debug] [2026-02-08T04:45:40.437Z] <<< [apiv2][body] POST https://cloudresourcemanager.googleapis.com/v1/projects/xplusy-760fa:testIamPermissions {"permissions":["cloudfunctions.functions.create","cloudfunctions.functions.delete","cloudfunctions.functions.get","cloudfunctions.functions.list","cloudfunctions.functions.update","cloudfunctions.operations.get","firebase.projects.get"]}
[debug] [2026-02-08T04:45:40.438Z] Checked if tokens are valid: true, expires at: 1770528059358
[debug] [2026-02-08T04:45:40.438Z] Checked if tokens are valid: true, expires at: 1770528059358
[debug] [2026-02-08T04:45:40.438Z] >>> [apiv2][query] POST https://iam.googleapis.com/v1/projects/xplusy-760fa/serviceAccounts/xplusy-760fa@appspot.gserviceaccount.com:testIamPermissions [none]
[debug] [2026-02-08T04:45:40.438Z] >>> [apiv2][body] POST https://iam.googleapis.com/v1/projects/xplusy-760fa/serviceAccounts/xplusy-760fa@appspot.gserviceaccount.com:testIamPermissions {"permissions":["iam.serviceAccounts.actAs"]}
[debug] [2026-02-08T04:45:41.619Z] <<< [apiv2][status] POST https://iam.googleapis.com/v1/projects/xplusy-760fa/serviceAccounts/xplusy-760fa@appspot.gserviceaccount.com:testIamPermissions 200
[debug] [2026-02-08T04:45:41.619Z] <<< [apiv2][body] POST https://iam.googleapis.com/v1/projects/xplusy-760fa/serviceAccounts/xplusy-760fa@appspot.gserviceaccount.com:testIamPermissions {"permissions":["iam.serviceAccounts.actAs"]}
[info] 
[info] === Deploying to 'xplusy-760fa'...
[info] 
[info] i  deploying functions 
[debug] [2026-02-08T04:45:41.622Z] Checked if tokens are valid: true, expires at: 1770528059358
[debug] [2026-02-08T04:45:41.623Z] Checked if tokens are valid: true, expires at: 1770528059358
[debug] [2026-02-08T04:45:41.623Z] >>> [apiv2][query] GET https://cloudresourcemanager.googleapis.com/v1/projects/xplusy-760fa [none]
[debug] [2026-02-08T04:45:41.889Z] <<< [apiv2][status] GET https://cloudresourcemanager.googleapis.com/v1/projects/xplusy-760fa 200
[debug] [2026-02-08T04:45:41.889Z] <<< [apiv2][body] GET https://cloudresourcemanager.googleapis.com/v1/projects/xplusy-760fa {"projectNumber":"992512966017","projectId":"xplusy-760fa","lifecycleState":"ACTIVE","name":"XplusY","labels":{"firebase":"enabled","firebase-core":"disabled"},"createTime":"2025-08-24T06:59:37.807894Z"}
[info] i  functions: preparing codebase default for deployment 
[info] i  functions: ensuring required API cloudfunctions.googleapis.com is enabled... 
[info] i  functions: ensuring required API cloudbuild.googleapis.com is enabled... 
[info] i  artifactregistry: ensuring required API artifactregistry.googleapis.com is enabled... 
[debug] [2026-02-08T04:45:41.892Z] Checked if tokens are valid: true, expires at: 1770528059358
[debug] [2026-02-08T04:45:41.892Z] Checked if tokens are valid: true, expires at: 1770528059358
[debug] [2026-02-08T04:45:41.892Z] >>> [apiv2][query] GET https://firebase.googleapis.com/v1beta1/projects/xplusy-760fa/adminSdkConfig [none]
[debug] [2026-02-08T04:45:42.754Z] <<< [apiv2][status] GET https://firebase.googleapis.com/v1beta1/projects/xplusy-760fa/adminSdkConfig 200
[debug] [2026-02-08T04:45:42.755Z] <<< [apiv2][body] GET https://firebase.googleapis.com/v1beta1/projects/xplusy-760fa/adminSdkConfig {"projectId":"xplusy-760fa","databaseURL":"https://xplusy-760fa-default-rtdb.firebaseio.com","storageBucket":"xplusy-760fa.firebasestorage.app"}
[debug] [2026-02-08T04:45:42.755Z] Checked if tokens are valid: true, expires at: 1770528059358
[debug] [2026-02-08T04:45:42.755Z] Checked if tokens are valid: true, expires at: 1770528059358
[debug] [2026-02-08T04:45:42.755Z] >>> [apiv2][query] GET https://runtimeconfig.googleapis.com/v1beta1/projects/xplusy-760fa/configs [none]
[debug] [2026-02-08T04:45:43.824Z] <<< [apiv2][status] GET https://runtimeconfig.googleapis.com/v1beta1/projects/xplusy-760fa/configs 200
[debug] [2026-02-08T04:45:43.824Z] <<< [apiv2][body] GET https://runtimeconfig.googleapis.com/v1beta1/projects/xplusy-760fa/configs {"configs":[{"name":"projects/xplusy-760fa/configs/orzu"}]}
[debug] [2026-02-08T04:45:43.824Z] Checked if tokens are valid: true, expires at: 1770528059358
[debug] [2026-02-08T04:45:43.824Z] Checked if tokens are valid: true, expires at: 1770528059358
[debug] [2026-02-08T04:45:43.824Z] >>> [apiv2][query] GET https://runtimeconfig.googleapis.com/v1beta1/projects/xplusy-760fa/configs/orzu/variables [none]
[debug] [2026-02-08T04:45:44.094Z] <<< [apiv2][status] GET https://runtimeconfig.googleapis.com/v1beta1/projects/xplusy-760fa/configs/orzu/variables 200
[debug] [2026-02-08T04:45:44.094Z] <<< [apiv2][body] GET https://runtimeconfig.googleapis.com/v1beta1/projects/xplusy-760fa/configs/orzu/variables {"variables":[{"name":"projects/xplusy-760fa/configs/orzu/variables/admin_emails","updateTime":"2026-02-08T04:45:27.035840677Z"}]}
[debug] [2026-02-08T04:45:44.094Z] Checked if tokens are valid: true, expires at: 1770528059358
[debug] [2026-02-08T04:45:44.094Z] Checked if tokens are valid: true, expires at: 1770528059358
[debug] [2026-02-08T04:45:44.094Z] >>> [apiv2][query] GET https://runtimeconfig.googleapis.com/v1beta1/projects/xplusy-760fa/configs/orzu/variables/admin_emails [none]
[debug] [2026-02-08T04:45:45.009Z] <<< [apiv2][status] GET https://runtimeconfig.googleapis.com/v1beta1/projects/xplusy-760fa/configs/orzu/variables/admin_emails 200
[debug] [2026-02-08T04:45:45.009Z] <<< [apiv2][body] GET https://runtimeconfig.googleapis.com/v1beta1/projects/xplusy-760fa/configs/orzu/variables/admin_emails {"name":"projects/xplusy-760fa/configs/orzu/variables/admin_emails","updateTime":"2026-02-08T04:45:27.035840677Z","text":"sohibjonmath@gmail.com"}
[debug] [2026-02-08T04:45:45.016Z] Validating nodejs source
[warn] !  functions: Runtime Node.js 20 will be deprecated on 2026-04-30 and will be decommissioned on 2026-10-30, after which you will not be able to deploy without upgrading. Consider upgrading now to avoid disruption. See https://cloud.google.com/functions/docs/runtime-support for full details on the lifecycle policy 
[warn] !  functions: Couldn't find firebase-functions package in your source code. Have you run 'npm install'? 
[debug] [2026-02-08T04:45:45.019Z] getFunctionsSDKVersion encountered error: Cannot find module 'firebase-functions'
Require stack:
- C:\Users\sohib\AppData\Roaming\npm\node_modules\firebase-tools\lib\deploy\functions\runtimes\node\versioning.js
- C:\Users\sohib\AppData\Roaming\npm\node_modules\firebase-tools\lib\deploy\functions\runtimes\node\index.js
- C:\Users\sohib\AppData\Roaming\npm\node_modules\firebase-tools\lib\deploy\functions\runtimes\index.js
- C:\Users\sohib\AppData\Roaming\npm\node_modules\firebase-tools\lib\deploy\functions\prepare.js
- C:\Users\sohib\AppData\Roaming\npm\node_modules\firebase-tools\lib\emulator\functionsEmulatorShared.js
- C:\Users\sohib\AppData\Roaming\npm\node_modules\firebase-tools\lib\emulator\functionsEmulator.js
- C:\Users\sohib\AppData\Roaming\npm\node_modules\firebase-tools\lib\emulator\controller.js
- C:\Users\sohib\AppData\Roaming\npm\node_modules\firebase-tools\lib\emulator\commandUtils.js
- C:\Users\sohib\AppData\Roaming\npm\node_modules\firebase-tools\lib\commands\database-get.js
- C:\Users\sohib\AppData\Roaming\npm\node_modules\firebase-tools\lib\commands\index.js
- C:\Users\sohib\AppData\Roaming\npm\node_modules\firebase-tools\lib\index.js
- C:\Users\sohib\AppData\Roaming\npm\node_modules\firebase-tools\lib\bin\cli.js
- C:\Users\sohib\AppData\Roaming\npm\node_modules\firebase-tools\lib\bin\firebase.js {"code":"MODULE_NOT_FOUND","requireStack":["C:\\Users\\sohib\\AppData\\Roaming\\npm\\node_modules\\firebase-tools\\lib\\deploy\\functions\\runtimes\\node\\versioning.js","C:\\Users\\sohib\\AppData\\Roaming\\npm\\node_modules\\firebase-tools\\lib\\deploy\\functions\\runtimes\\node\\index.js","C:\\Users\\sohib\\AppData\\Roaming\\npm\\node_modules\\firebase-tools\\lib\\deploy\\functions\\runtimes\\index.js","C:\\Users\\sohib\\AppData\\Roaming\\npm\\node_modules\\firebase-tools\\lib\\deploy\\functions\\prepare.js","C:\\Users\\sohib\\AppData\\Roaming\\npm\\node_modules\\firebase-tools\\lib\\emulator\\functionsEmulatorShared.js","C:\\Users\\sohib\\AppData\\Roaming\\npm\\node_modules\\firebase-tools\\lib\\emulator\\functionsEmulator.js","C:\\Users\\sohib\\AppData\\Roaming\\npm\\node_modules\\firebase-tools\\lib\\emulator\\controller.js","C:\\Users\\sohib\\AppData\\Roaming\\npm\\node_modules\\firebase-tools\\lib\\emulator\\commandUtils.js","C:\\Users\\sohib\\AppData\\Roaming\\npm\\node_modules\\firebase-tools\\lib\\commands\\database-get.js","C:\\Users\\sohib\\AppData\\Roaming\\npm\\node_modules\\firebase-tools\\lib\\commands\\index.js","C:\\Users\\sohib\\AppData\\Roaming\\npm\\node_modules\\firebase-tools\\lib\\index.js","C:\\Users\\sohib\\AppData\\Roaming\\npm\\node_modules\\firebase-tools\\lib\\bin\\cli.js","C:\\Users\\sohib\\AppData\\Roaming\\npm\\node_modules\\firebase-tools\\lib\\bin\\firebase.js"]}
[debug] [2026-02-08T04:45:45.019Z] checkFunctionsSDKVersion encountered error: Invalid Version:  {}
[debug] [2026-02-08T04:45:45.024Z] > [functions] package.json contents: {
  "name": "orzu-functions",
  "private": true,
  "engines": {
    "node": "20"
  },
  "main": "index.js",
  "dependencies": {
    "firebase-admin": "^12.1.0",
    "firebase-functions": "^5.1.1"
  }
}
[debug] [2026-02-08T04:45:45.025Z] Building nodejs source
[info] i  functions: Loading and analyzing source code for codebase default to determine what to deploy 
[debug] [2026-02-08T04:45:45.026Z] Could not parse firebase-functions version '' into semver. Falling back to parseTriggers.
